2025-07-14 10:24:13.119 [main] INFO  com.climate.datas.drone.Drone - Drone NORTE conectando ao broker: tcp://broker.emqx.io:1883
2025-07-14 10:24:13.322 [main] INFO  com.climate.datas.drone.Drone - Drone LESTE conectando ao broker: tcp://broker.emqx.io:1883
2025-07-14 10:24:13.332 [main] INFO  com.climate.datas.drone.Drone - Drone OESTE conectando ao broker: tcp://broker.emqx.io:1883
2025-07-14 10:24:13.827 [main] INFO  com.climate.datas.drone.Drone - Drone SUL conectando ao broker: tcp://broker.emqx.io:1883
2025-07-14 10:24:13.880 [main] INFO  com.climate.datas.drone.Drone - Drone NORTE conectado com sucesso.
2025-07-14 10:24:13.913 [main] INFO  com.climate.datas.drone.Drone - Drone OESTE conectado com sucesso.
2025-07-14 10:24:14.163 [main] INFO  com.climate.datas.drone.Drone - Drone LESTE conectado com sucesso.
2025-07-14 10:24:14.366 [main] INFO  com.climate.datas.drone.Drone - Drone SUL conectado com sucesso.
2025-07-14 10:24:18.589 [main] ERROR com.climate.datas.gateway.Gateway - Falha fatal ao iniciar o Gateway: null
java.io.IOException: null
	at com.rabbitmq.client.impl.AMQChannel.wrap(AMQChannel.java:140)
	at com.rabbitmq.client.impl.AMQChannel.wrap(AMQChannel.java:136)
	at com.rabbitmq.client.impl.AMQConnection.start(AMQConnection.java:406)
	at com.rabbitmq.client.impl.recovery.RecoveryAwareAMQConnectionFactory.newConnection(RecoveryAwareAMQConnectionFactory.java:71)
	at com.rabbitmq.client.impl.recovery.AutorecoveringConnection.init(AutorecoveringConnection.java:165)
	at com.rabbitmq.client.ConnectionFactory.newConnection(ConnectionFactory.java:1242)
	at com.rabbitmq.client.ConnectionFactory.newConnection(ConnectionFactory.java:1198)
	at com.rabbitmq.client.ConnectionFactory.newConnection(ConnectionFactory.java:1156)
	at com.rabbitmq.client.ConnectionFactory.newConnection(ConnectionFactory.java:1321)
	at com.climate.datas.gateway.Gateway.start(Gateway.java:54)
	at com.climate.datas.gateway.Gateway.main(Gateway.java:201)
Caused by: com.rabbitmq.client.ShutdownSignalException: connection error
	at com.rabbitmq.utility.ValueOrException.getValue(ValueOrException.java:66)
	at com.rabbitmq.utility.BlockingValueOrException.uninterruptibleGetValue(BlockingValueOrException.java:36)
	at com.rabbitmq.client.impl.AMQChannel$BlockingRpcContinuation.getReply(AMQChannel.java:552)
	at com.rabbitmq.client.impl.AMQConnection.start(AMQConnection.java:336)
	... 8 common frames omitted
Caused by: java.io.EOFException: null
	at java.base/java.io.DataInputStream.readUnsignedByte(DataInputStream.java:297)
	at com.rabbitmq.client.impl.Frame.readFrom(Frame.java:91)
	at com.rabbitmq.client.impl.SocketFrameHandler.readFrame(SocketFrameHandler.java:199)
	at com.rabbitmq.client.impl.AMQConnection$MainLoop.run(AMQConnection.java:687)
	at java.base/java.lang.Thread.run(Thread.java:1575)
2025-07-14 10:24:18.594 [Thread-0] INFO  com.climate.datas.gateway.Gateway - Gateway finalizado.
2025-07-14 10:24:25.908 [Thread-0] INFO  c.climate.datas.user.DashboardUser - Dashboard-User está ouvindo a exchange 'climate_data_topic_exchange' com o filtro 'dados.climaticos.#'.
2025-07-14 10:24:26.698 [main] INFO  com.climate.datas.user.RealTimeUser - RealTime-User conectando ao broker MQTT...
2025-07-14 10:24:27.254 [main] INFO  com.climate.datas.user.RealTimeUser - RealTime-User conectado.
2025-07-14 10:24:27.254 [main] INFO  com.climate.datas.user.RealTimeUser - Inscrevendo-se no tópico: ufersa/pw/gateway/processed_data/#
2025-07-14 10:24:29.667 [main] INFO  com.climate.datas.drone.Drone - Iniciando a coleta de dados para a região NORTE.
2025-07-14 10:24:30.332 [main] INFO  com.climate.datas.drone.Drone - Iniciando a coleta de dados para a região OESTE.
2025-07-14 10:24:31.898 [main] INFO  com.climate.datas.drone.Drone - Iniciando a coleta de dados para a região LESTE.
2025-07-14 10:24:32.911 [pool-1-thread-1] INFO  com.climate.datas.drone.Drone - Drone NORTE gerou: 991.85-968.28-30.75-87.47
2025-07-14 10:24:34.139 [pool-1-thread-1] INFO  com.climate.datas.drone.Drone - Drone LESTE gerou: {985.57,775.33,33.37,58.23}
2025-07-14 10:24:34.514 [main] INFO  com.climate.datas.drone.Drone - Iniciando a coleta de dados para a região SUL.
2025-07-14 10:24:34.870 [pool-1-thread-1] INFO  com.climate.datas.drone.Drone - Drone OESTE gerou: 981.84#878.74#23.91#63.48
2025-07-14 10:24:37.111 [pool-1-thread-1] INFO  com.climate.datas.drone.Drone - Drone NORTE gerou: 955.60-873.02-34.47-80.68
2025-07-14 10:24:37.675 [pool-1-thread-1] INFO  com.climate.datas.drone.Drone - Drone SUL gerou: (1035.99;470.30;12.41;75.63)
2025-07-14 10:24:38.265 [pool-1-thread-1] INFO  com.climate.datas.drone.Drone - Drone LESTE gerou: {1026.36,974.55,29.89,66.12}
2025-07-14 10:24:38.467 [pool-1-thread-1] INFO  com.climate.datas.drone.Drone - Drone OESTE gerou: 989.59#551.73#27.45#69.39
2025-07-14 10:24:40.626 [pool-1-thread-1] INFO  com.climate.datas.drone.Drone - Drone SUL gerou: (1020.96;401.61;12.09;60.94)
2025-07-14 10:24:42.075 [pool-1-thread-1] INFO  com.climate.datas.drone.Drone - Drone NORTE gerou: 951.75-1154.94-39.51-79.76
2025-07-14 10:24:42.479 [pool-1-thread-1] INFO  com.climate.datas.drone.Drone - Drone LESTE gerou: {993.71,742.26,31.81,64.64}
2025-07-14 10:24:43.227 [pool-1-thread-1] INFO  com.climate.datas.drone.Drone - Drone OESTE gerou: 1018.28#779.65#27.54#63.08
2025-07-14 10:24:43.368 [pool-1-thread-1] INFO  com.climate.datas.drone.Drone - Drone SUL gerou: (1045.25;584.09;14.96;78.25)
2025-07-14 10:24:47.118 [pool-1-thread-1] INFO  com.climate.datas.drone.Drone - Drone NORTE gerou: 954.72-1046.71-38.99-79.10
2025-07-14 10:24:47.180 [pool-1-thread-1] INFO  com.climate.datas.drone.Drone - Drone LESTE gerou: {1002.99,694.50,32.28,60.72}
2025-07-14 10:24:47.714 [pool-1-thread-1] INFO  com.climate.datas.drone.Drone - Drone OESTE gerou: 999.57#866.26#21.82#66.85
2025-07-14 10:24:48.260 [pool-1-thread-1] INFO  com.climate.datas.drone.Drone - Drone SUL gerou: (1005.28;610.46;11.71;68.94)
2025-07-14 10:24:49.504 [pool-1-thread-1] INFO  com.climate.datas.drone.Drone - Drone LESTE gerou: {1018.77,829.82,29.43,55.51}
2025-07-14 10:24:50.499 [pool-1-thread-1] INFO  com.climate.datas.drone.Drone - Drone SUL gerou: (1028.56;661.89;19.95;68.51)
2025-07-14 10:24:50.867 [pool-1-thread-1] INFO  com.climate.datas.drone.Drone - Drone NORTE gerou: 980.36-1035.85-38.82-82.45
2025-07-14 10:24:50.945 [pool-1-thread-1] INFO  com.climate.datas.drone.Drone - Drone OESTE gerou: 989.76#551.43#28.81#62.70
2025-07-14 10:24:53.327 [pool-1-thread-1] INFO  com.climate.datas.drone.Drone - Drone OESTE gerou: 1000.34#644.66#27.38#69.93
2025-07-14 10:24:53.590 [pool-1-thread-1] INFO  com.climate.datas.drone.Drone - Drone LESTE gerou: {977.56,698.15,25.26,69.28}
2025-07-14 10:24:53.948 [pool-1-thread-1] INFO  com.climate.datas.drone.Drone - Drone SUL gerou: (1005.67;790.54;18.42;61.30)
2025-07-14 10:24:55.215 [pool-1-thread-1] INFO  com.climate.datas.drone.Drone - Drone NORTE gerou: 950.79-1194.34-30.24-76.36
2025-07-14 10:24:56.770 [pool-1-thread-1] INFO  com.climate.datas.drone.Drone - Drone LESTE gerou: {1026.51,730.55,26.90,61.12}
2025-07-14 10:24:58.008 [pool-1-thread-1] INFO  com.climate.datas.drone.Drone - Drone SUL gerou: (1046.61;788.83;16.92;68.82)
2025-07-14 10:24:58.243 [pool-1-thread-1] INFO  com.climate.datas.drone.Drone - Drone NORTE gerou: 950.27-1043.54-33.48-72.94
2025-07-14 10:24:58.343 [pool-1-thread-1] INFO  com.climate.datas.drone.Drone - Drone OESTE gerou: 988.51#517.28#29.35#57.55
2025-07-14 10:25:00.217 [pool-1-thread-1] INFO  com.climate.datas.drone.Drone - Drone LESTE gerou: {1023.30,755.95,34.32,51.29}
2025-07-14 10:25:01.530 [pool-1-thread-1] INFO  com.climate.datas.drone.Drone - Drone NORTE gerou: 993.57-946.69-38.36-72.47
2025-07-14 10:25:02.391 [pool-1-thread-1] INFO  com.climate.datas.drone.Drone - Drone LESTE gerou: {1021.47,993.43,31.82,68.62}
2025-07-14 10:25:02.483 [pool-1-thread-1] INFO  com.climate.datas.drone.Drone - Drone SUL gerou: (1028.64;624.03;14.17;73.91)
2025-07-14 10:25:08.261 [main] INFO  com.climate.datas.drone.Drone - Drone LESTE conectando ao broker: tcp://broker.emqx.io:1883
2025-07-14 10:25:08.831 [main] INFO  com.climate.datas.drone.Drone - Drone LESTE conectado com sucesso.
2025-07-14 10:25:09.897 [main] INFO  com.climate.datas.drone.Drone - Drone NORTE conectando ao broker: tcp://broker.emqx.io:1883
2025-07-14 10:25:10.440 [main] INFO  com.climate.datas.drone.Drone - Drone NORTE conectado com sucesso.
2025-07-14 10:25:11.863 [main] INFO  com.climate.datas.drone.Drone - Drone OESTE conectando ao broker: tcp://broker.emqx.io:1883
2025-07-14 10:25:12.418 [main] INFO  com.climate.datas.drone.Drone - Drone OESTE conectado com sucesso.
2025-07-14 10:25:13.668 [main] INFO  com.climate.datas.drone.Drone - Drone SUL conectando ao broker: tcp://broker.emqx.io:1883
2025-07-14 10:25:14.210 [main] INFO  com.climate.datas.drone.Drone - Drone SUL conectado com sucesso.
2025-07-14 10:25:17.380 [main] INFO  com.climate.datas.gateway.Gateway - Gateway conectado ao RabbitMQ e exchange de TÓPICO 'climate_data_topic_exchange' declarada.
2025-07-14 10:25:17.403 [main] INFO  com.climate.datas.gateway.Gateway - Gateway conectando ao broker MQTT...
2025-07-14 10:25:17.937 [main] INFO  com.climate.datas.gateway.Gateway - Gateway conectado.
2025-07-14 10:25:18.045 [main] INFO  com.climate.datas.gateway.Gateway - Gateway inscrito no tópico de drones: ufersa/pw/climadata/#
2025-07-14 10:25:18.045 [main] INFO  com.climate.datas.gateway.Gateway - Gateway está em execução. Pressione Ctrl+C para encerrar.
2025-07-14 10:25:25.828 [main] INFO  com.climate.datas.user.RealTimeUser - RealTime-User conectando ao broker MQTT...
2025-07-14 10:25:26.386 [main] INFO  com.climate.datas.user.RealTimeUser - RealTime-User conectado.
2025-07-14 10:25:26.386 [main] INFO  com.climate.datas.user.RealTimeUser - Inscrevendo-se no tópico: ufersa/pw/gateway/processed_data/#
2025-07-14 10:25:28.409 [Thread-0] INFO  c.climate.datas.user.DashboardUser - Dashboard-User está ouvindo a exchange 'climate_data_topic_exchange' com o filtro 'dados.climaticos.#'.
2025-07-14 10:25:30.779 [main] INFO  com.climate.datas.drone.Drone - Iniciando a coleta de dados para a região LESTE.
2025-07-14 10:25:31.523 [main] INFO  com.climate.datas.drone.Drone - Iniciando a coleta de dados para a região NORTE.
2025-07-14 10:25:32.187 [main] INFO  com.climate.datas.drone.Drone - Iniciando a coleta de dados para a região OESTE.
2025-07-14 10:25:33.360 [pool-1-thread-1] INFO  com.climate.datas.drone.Drone - Drone LESTE gerou: {1015.45,630.29,25.24,55.59}
2025-07-14 10:25:33.476 [pool-1-thread-1] INFO  com.climate.datas.gateway.Gateway - Gateway armazenou dados de leste: [leste//25.24//55.59//1015.45//630.29//2025-07-14T10:25:33]
2025-07-14 10:25:33.478 [pool-1-thread-1] INFO  com.climate.datas.gateway.Gateway - Gateway publicou para Exchange RabbitMQ 'climate_data_topic_exchange' com chave 'dados.climaticos.leste'
2025-07-14 10:25:33.718 [pool-1-thread-1] INFO  com.climate.datas.gateway.Gateway - Gateway publicou para Tópico MQTT 'ufersa/pw/gateway/processed_data/leste': [leste//25.24//55.59//1015.45//630.29//2025-07-14T10:25:33]
2025-07-14 10:25:34.731 [main] INFO  com.climate.datas.drone.Drone - Iniciando a coleta de dados para a região SUL.
2025-07-14 10:25:35.305 [pool-1-thread-1] INFO  com.climate.datas.drone.Drone - Drone OESTE gerou: 1014.81#820.75#24.98#70.02
2025-07-14 10:25:35.400 [pool-1-thread-1] INFO  com.climate.datas.gateway.Gateway - Gateway armazenou dados de oeste: [oeste//24.98//70.02//1014.81//820.75//2025-07-14T10:25:35]
2025-07-14 10:25:35.401 [pool-1-thread-1] INFO  com.climate.datas.gateway.Gateway - Gateway publicou para Exchange RabbitMQ 'climate_data_topic_exchange' com chave 'dados.climaticos.oeste'
2025-07-14 10:25:35.649 [pool-1-thread-1] INFO  com.climate.datas.gateway.Gateway - Gateway publicou para Tópico MQTT 'ufersa/pw/gateway/processed_data/oeste': [oeste//24.98//70.02//1014.81//820.75//2025-07-14T10:25:35]
2025-07-14 10:25:36.166 [pool-1-thread-1] INFO  com.climate.datas.drone.Drone - Drone NORTE gerou: 987.75-821.04-33.08-76.39
2025-07-14 10:25:36.263 [pool-1-thread-1] INFO  com.climate.datas.gateway.Gateway - Gateway armazenou dados de norte: [norte//33.08//76.39//987.75//821.04//2025-07-14T10:25:36]
2025-07-14 10:25:36.264 [pool-1-thread-1] INFO  com.climate.datas.gateway.Gateway - Gateway publicou para Exchange RabbitMQ 'climate_data_topic_exchange' com chave 'dados.climaticos.norte'
2025-07-14 10:25:36.513 [pool-1-thread-1] INFO  com.climate.datas.gateway.Gateway - Gateway publicou para Tópico MQTT 'ufersa/pw/gateway/processed_data/norte': [norte//33.08//76.39//987.75//821.04//2025-07-14T10:25:36]
2025-07-14 10:25:36.552 [pool-1-thread-1] INFO  com.climate.datas.drone.Drone - Drone LESTE gerou: {1015.38,941.34,31.53,66.90}
2025-07-14 10:25:36.657 [pool-1-thread-1] INFO  com.climate.datas.gateway.Gateway - Gateway armazenou dados de leste: [leste//31.53//66.90//1015.38//941.34//2025-07-14T10:25:36]
2025-07-14 10:25:36.657 [pool-1-thread-1] INFO  com.climate.datas.gateway.Gateway - Gateway publicou para Exchange RabbitMQ 'climate_data_topic_exchange' com chave 'dados.climaticos.leste'
2025-07-14 10:25:36.909 [pool-1-thread-1] INFO  com.climate.datas.gateway.Gateway - Gateway publicou para Tópico MQTT 'ufersa/pw/gateway/processed_data/leste': [leste//31.53//66.90//1015.38//941.34//2025-07-14T10:25:36]
2025-07-14 10:25:37.178 [pool-1-thread-1] INFO  com.climate.datas.drone.Drone - Drone SUL gerou: (1028.75;518.01;15.86;78.08)
2025-07-14 10:25:37.275 [pool-1-thread-1] INFO  com.climate.datas.gateway.Gateway - Gateway armazenou dados de sul: [sul//15.86//78.08//1028.75//518.01//2025-07-14T10:25:37]
2025-07-14 10:25:37.276 [pool-1-thread-1] INFO  com.climate.datas.gateway.Gateway - Gateway publicou para Exchange RabbitMQ 'climate_data_topic_exchange' com chave 'dados.climaticos.sul'
2025-07-14 10:25:37.525 [pool-1-thread-1] INFO  com.climate.datas.gateway.Gateway - Gateway publicou para Tópico MQTT 'ufersa/pw/gateway/processed_data/sul': [sul//15.86//78.08//1028.75//518.01//2025-07-14T10:25:37]
2025-07-14 10:25:37.566 [pool-1-thread-1] INFO  com.climate.datas.drone.Drone - Drone OESTE gerou: 1007.59#573.74#24.74#59.30
2025-07-14 10:25:37.661 [pool-1-thread-1] INFO  com.climate.datas.gateway.Gateway - Gateway armazenou dados de oeste: [oeste//24.74//59.30//1007.59//573.74//2025-07-14T10:25:37]
2025-07-14 10:25:37.662 [pool-1-thread-1] INFO  com.climate.datas.gateway.Gateway - Gateway publicou para Exchange RabbitMQ 'climate_data_topic_exchange' com chave 'dados.climaticos.oeste'
2025-07-14 10:25:37.913 [pool-1-thread-1] INFO  com.climate.datas.gateway.Gateway - Gateway publicou para Tópico MQTT 'ufersa/pw/gateway/processed_data/oeste': [oeste//24.74//59.30//1007.59//573.74//2025-07-14T10:25:37]
2025-07-14 10:25:39.386 [pool-1-thread-1] INFO  com.climate.datas.drone.Drone - Drone NORTE gerou: 987.30-1140.01-31.90-85.87
2025-07-14 10:25:39.480 [pool-1-thread-1] INFO  com.climate.datas.gateway.Gateway - Gateway armazenou dados de norte: [norte//31.90//85.87//987.30//1140.01//2025-07-14T10:25:39]
2025-07-14 10:25:39.480 [pool-1-thread-1] INFO  com.climate.datas.gateway.Gateway - Gateway publicou para Exchange RabbitMQ 'climate_data_topic_exchange' com chave 'dados.climaticos.norte'
2025-07-14 10:25:39.729 [pool-1-thread-1] INFO  com.climate.datas.gateway.Gateway - Gateway publicou para Tópico MQTT 'ufersa/pw/gateway/processed_data/norte': [norte//31.90//85.87//987.30//1140.01//2025-07-14T10:25:39]
2025-07-14 10:25:39.777 [pool-1-thread-1] INFO  com.climate.datas.drone.Drone - Drone LESTE gerou: {1011.44,881.05,33.42,62.84}
2025-07-14 10:25:39.886 [pool-1-thread-1] INFO  com.climate.datas.gateway.Gateway - Gateway armazenou dados de leste: [leste//33.42//62.84//1011.44//881.05//2025-07-14T10:25:39]
2025-07-14 10:25:39.887 [pool-1-thread-1] INFO  com.climate.datas.gateway.Gateway - Gateway publicou para Exchange RabbitMQ 'climate_data_topic_exchange' com chave 'dados.climaticos.leste'
2025-07-14 10:25:40.140 [pool-1-thread-1] INFO  com.climate.datas.gateway.Gateway - Gateway publicou para Tópico MQTT 'ufersa/pw/gateway/processed_data/leste': [leste//33.42//62.84//1011.44//881.05//2025-07-14T10:25:39]
2025-07-14 10:25:40.307 [pool-1-thread-1] INFO  com.climate.datas.drone.Drone - Drone SUL gerou: (1015.55;604.09;15.64;74.35)
2025-07-14 10:25:40.402 [pool-1-thread-1] INFO  com.climate.datas.gateway.Gateway - Gateway armazenou dados de sul: [sul//15.64//74.35//1015.55//604.09//2025-07-14T10:25:40]
2025-07-14 10:25:40.402 [pool-1-thread-1] INFO  com.climate.datas.gateway.Gateway - Gateway publicou para Exchange RabbitMQ 'climate_data_topic_exchange' com chave 'dados.climaticos.sul'
2025-07-14 10:25:40.652 [pool-1-thread-1] INFO  com.climate.datas.gateway.Gateway - Gateway publicou para Tópico MQTT 'ufersa/pw/gateway/processed_data/sul': [sul//15.64//74.35//1015.55//604.09//2025-07-14T10:25:40]
2025-07-14 10:25:41.928 [pool-1-thread-1] INFO  com.climate.datas.drone.Drone - Drone NORTE gerou: 952.43-889.98-33.62-70.23
2025-07-14 10:25:42.023 [pool-1-thread-1] INFO  com.climate.datas.gateway.Gateway - Gateway armazenou dados de norte: [norte//33.62//70.23//952.43//889.98//2025-07-14T10:25:42]
2025-07-14 10:25:42.024 [pool-1-thread-1] INFO  com.climate.datas.gateway.Gateway - Gateway publicou para Exchange RabbitMQ 'climate_data_topic_exchange' com chave 'dados.climaticos.norte'
2025-07-14 10:25:42.037 [pool-1-thread-1] INFO  com.climate.datas.drone.Drone - Drone OESTE gerou: 981.20#636.64#20.65#55.17
2025-07-14 10:25:42.132 [pool-1-thread-2] INFO  com.climate.datas.gateway.Gateway - Gateway armazenou dados de oeste: [oeste//20.65//55.17//981.20//636.64//2025-07-14T10:25:42]
2025-07-14 10:25:42.132 [pool-1-thread-2] INFO  com.climate.datas.gateway.Gateway - Gateway publicou para Exchange RabbitMQ 'climate_data_topic_exchange' com chave 'dados.climaticos.oeste'
2025-07-14 10:25:42.235 [pool-1-thread-1] INFO  com.climate.datas.gateway.Gateway - Gateway publicou para Tópico MQTT 'ufersa/pw/gateway/processed_data/norte': [norte//33.62//70.23//952.43//889.98//2025-07-14T10:25:42]
2025-07-14 10:25:42.340 [pool-1-thread-2] INFO  com.climate.datas.gateway.Gateway - Gateway publicou para Tópico MQTT 'ufersa/pw/gateway/processed_data/oeste': [oeste//20.65//55.17//981.20//636.64//2025-07-14T10:25:42]
2025-07-14 10:25:42.599 [pool-1-thread-1] INFO  com.climate.datas.drone.Drone - Drone LESTE gerou: {1025.71,892.50,30.78,66.52}
2025-07-14 10:25:42.705 [pool-1-thread-2] INFO  com.climate.datas.gateway.Gateway - Gateway armazenou dados de leste: [leste//30.78//66.52//1025.71//892.50//2025-07-14T10:25:42]
2025-07-14 10:25:42.705 [pool-1-thread-2] INFO  com.climate.datas.gateway.Gateway - Gateway publicou para Exchange RabbitMQ 'climate_data_topic_exchange' com chave 'dados.climaticos.leste'
2025-07-14 10:25:42.957 [pool-1-thread-2] INFO  com.climate.datas.gateway.Gateway - Gateway publicou para Tópico MQTT 'ufersa/pw/gateway/processed_data/leste': [leste//30.78//66.52//1025.71//892.50//2025-07-14T10:25:42]
2025-07-14 10:25:43.942 [pool-1-thread-1] INFO  com.climate.datas.drone.Drone - Drone SUL gerou: (1048.87;651.95;15.87;70.95)
2025-07-14 10:25:44.035 [pool-1-thread-2] INFO  com.climate.datas.gateway.Gateway - Gateway armazenou dados de sul: [sul//15.87//70.95//1048.87//651.95//2025-07-14T10:25:44]
2025-07-14 10:25:44.036 [pool-1-thread-2] INFO  com.climate.datas.gateway.Gateway - Gateway publicou para Exchange RabbitMQ 'climate_data_topic_exchange' com chave 'dados.climaticos.sul'
2025-07-14 10:25:44.286 [pool-1-thread-2] INFO  com.climate.datas.gateway.Gateway - Gateway publicou para Tópico MQTT 'ufersa/pw/gateway/processed_data/sul': [sul//15.87//70.95//1048.87//651.95//2025-07-14T10:25:44]
2025-07-14 10:25:45.228 [pool-1-thread-1] INFO  com.climate.datas.drone.Drone - Drone OESTE gerou: 988.91#562.22#23.30#74.46
2025-07-14 10:25:45.322 [pool-1-thread-2] INFO  com.climate.datas.gateway.Gateway - Gateway armazenou dados de oeste: [oeste//23.30//74.46//988.91//562.22//2025-07-14T10:25:45]
2025-07-14 10:25:45.323 [pool-1-thread-2] INFO  com.climate.datas.gateway.Gateway - Gateway publicou para Exchange RabbitMQ 'climate_data_topic_exchange' com chave 'dados.climaticos.oeste'
2025-07-14 10:25:45.573 [pool-1-thread-2] INFO  com.climate.datas.gateway.Gateway - Gateway publicou para Tópico MQTT 'ufersa/pw/gateway/processed_data/oeste': [oeste//23.30//74.46//988.91//562.22//2025-07-14T10:25:45]
2025-07-14 10:25:46.572 [pool-1-thread-1] INFO  com.climate.datas.drone.Drone - Drone NORTE gerou: 983.14-1184.00-33.53-84.97
2025-07-14 10:25:46.668 [pool-1-thread-2] INFO  com.climate.datas.gateway.Gateway - Gateway armazenou dados de norte: [norte//33.53//84.97//983.14//1184.00//2025-07-14T10:25:46]
2025-07-14 10:25:46.668 [pool-1-thread-2] INFO  com.climate.datas.gateway.Gateway - Gateway publicou para Exchange RabbitMQ 'climate_data_topic_exchange' com chave 'dados.climaticos.norte'
2025-07-14 10:25:46.917 [pool-1-thread-2] INFO  com.climate.datas.gateway.Gateway - Gateway publicou para Tópico MQTT 'ufersa/pw/gateway/processed_data/norte': [norte//33.53//84.97//983.14//1184.00//2025-07-14T10:25:46]
2025-07-14 10:25:47.426 [pool-1-thread-1] INFO  com.climate.datas.drone.Drone - Drone LESTE gerou: {988.72,796.61,27.38,57.93}
2025-07-14 10:25:47.530 [pool-1-thread-2] INFO  com.climate.datas.gateway.Gateway - Gateway armazenou dados de leste: [leste//27.38//57.93//988.72//796.61//2025-07-14T10:25:47]
2025-07-14 10:25:47.531 [pool-1-thread-2] INFO  com.climate.datas.gateway.Gateway - Gateway publicou para Exchange RabbitMQ 'climate_data_topic_exchange' com chave 'dados.climaticos.leste'
2025-07-14 10:25:47.660 [pool-1-thread-1] INFO  com.climate.datas.drone.Drone - Drone SUL gerou: (1024.58;406.29;13.74;68.43)
2025-07-14 10:25:47.755 [pool-1-thread-1] INFO  com.climate.datas.gateway.Gateway - Gateway armazenou dados de sul: [sul//13.74//68.43//1024.58//406.29//2025-07-14T10:25:47]
2025-07-14 10:25:47.755 [pool-1-thread-1] INFO  com.climate.datas.gateway.Gateway - Gateway publicou para Exchange RabbitMQ 'climate_data_topic_exchange' com chave 'dados.climaticos.sul'
2025-07-14 10:25:47.781 [pool-1-thread-2] INFO  com.climate.datas.gateway.Gateway - Gateway publicou para Tópico MQTT 'ufersa/pw/gateway/processed_data/leste': [leste//27.38//57.93//988.72//796.61//2025-07-14T10:25:47]
2025-07-14 10:25:47.885 [pool-1-thread-1] INFO  com.climate.datas.gateway.Gateway - Gateway publicou para Tópico MQTT 'ufersa/pw/gateway/processed_data/sul': [sul//13.74//68.43//1024.58//406.29//2025-07-14T10:25:47]
2025-07-14 10:25:47.895 [pool-1-thread-1] INFO  com.climate.datas.drone.Drone - Drone OESTE gerou: 981.75#613.87#20.32#62.73
2025-07-14 10:25:47.990 [pool-1-thread-1] INFO  com.climate.datas.gateway.Gateway - Gateway armazenou dados de oeste: [oeste//20.32//62.73//981.75//613.87//2025-07-14T10:25:47]
2025-07-14 10:25:47.990 [pool-1-thread-1] INFO  com.climate.datas.gateway.Gateway - Gateway publicou para Exchange RabbitMQ 'climate_data_topic_exchange' com chave 'dados.climaticos.oeste'
2025-07-14 10:25:48.241 [pool-1-thread-1] INFO  com.climate.datas.gateway.Gateway - Gateway publicou para Tópico MQTT 'ufersa/pw/gateway/processed_data/oeste': [oeste//20.32//62.73//981.75//613.87//2025-07-14T10:25:47]
2025-07-14 10:25:49.305 [pool-1-thread-1] INFO  com.climate.datas.drone.Drone - Drone NORTE gerou: 969.96-1054.59-35.35-71.84
2025-07-14 10:25:49.398 [pool-1-thread-1] INFO  com.climate.datas.gateway.Gateway - Gateway armazenou dados de norte: [norte//35.35//71.84//969.96//1054.59//2025-07-14T10:25:49]
2025-07-14 10:25:49.399 [pool-1-thread-1] INFO  com.climate.datas.gateway.Gateway - Gateway publicou para Exchange RabbitMQ 'climate_data_topic_exchange' com chave 'dados.climaticos.norte'
2025-07-14 10:25:49.649 [pool-1-thread-1] INFO  com.climate.datas.gateway.Gateway - Gateway publicou para Tópico MQTT 'ufersa/pw/gateway/processed_data/norte': [norte//35.35//71.84//969.96//1054.59//2025-07-14T10:25:49]
2025-07-14 10:25:49.944 [pool-1-thread-1] INFO  com.climate.datas.drone.Drone - Drone LESTE gerou: {979.42,929.19,30.11,66.45}
2025-07-14 10:25:50.047 [pool-1-thread-1] INFO  com.climate.datas.gateway.Gateway - Gateway armazenou dados de leste: [leste//30.11//66.45//979.42//929.19//2025-07-14T10:25:50]
2025-07-14 10:25:50.048 [pool-1-thread-1] INFO  com.climate.datas.gateway.Gateway - Gateway publicou para Exchange RabbitMQ 'climate_data_topic_exchange' com chave 'dados.climaticos.leste'
2025-07-14 10:25:50.297 [pool-1-thread-1] INFO  com.climate.datas.gateway.Gateway - Gateway publicou para Tópico MQTT 'ufersa/pw/gateway/processed_data/leste': [leste//30.11//66.45//979.42//929.19//2025-07-14T10:25:50]
2025-07-14 10:25:51.066 [pool-1-thread-1] INFO  com.climate.datas.drone.Drone - Drone OESTE gerou: 1009.41#529.26#22.01#61.28
2025-07-14 10:25:51.161 [pool-1-thread-1] INFO  com.climate.datas.gateway.Gateway - Gateway armazenou dados de oeste: [oeste//22.01//61.28//1009.41//529.26//2025-07-14T10:25:51]
2025-07-14 10:25:51.162 [pool-1-thread-1] INFO  com.climate.datas.gateway.Gateway - Gateway publicou para Exchange RabbitMQ 'climate_data_topic_exchange' com chave 'dados.climaticos.oeste'
2025-07-14 10:25:51.414 [pool-1-thread-1] INFO  com.climate.datas.gateway.Gateway - Gateway publicou para Tópico MQTT 'ufersa/pw/gateway/processed_data/oeste': [oeste//22.01//61.28//1009.41//529.26//2025-07-14T10:25:51]
2025-07-14 10:25:52.569 [pool-1-thread-1] INFO  com.climate.datas.drone.Drone - Drone SUL gerou: (1040.49;444.80;17.12;68.02)
2025-07-14 10:25:52.664 [pool-1-thread-1] INFO  com.climate.datas.gateway.Gateway - Gateway armazenou dados de sul: [sul//17.12//68.02//1040.49//444.80//2025-07-14T10:25:52]
2025-07-14 10:25:52.664 [pool-1-thread-1] INFO  com.climate.datas.gateway.Gateway - Gateway publicou para Exchange RabbitMQ 'climate_data_topic_exchange' com chave 'dados.climaticos.sul'
2025-07-14 10:25:52.913 [pool-1-thread-1] INFO  com.climate.datas.gateway.Gateway - Gateway publicou para Tópico MQTT 'ufersa/pw/gateway/processed_data/sul': [sul//17.12//68.02//1040.49//444.80//2025-07-14T10:25:52]
2025-07-14 10:25:53.030 [pool-1-thread-1] INFO  com.climate.datas.drone.Drone - Drone NORTE gerou: 993.18-1091.65-36.82-84.33
2025-07-14 10:25:53.120 [pool-1-thread-1] INFO  com.climate.datas.gateway.Gateway - Gateway armazenou dados de norte: [norte//36.82//84.33//993.18//1091.65//2025-07-14T10:25:53]
2025-07-14 10:25:53.120 [pool-1-thread-1] INFO  com.climate.datas.gateway.Gateway - Gateway publicou para Exchange RabbitMQ 'climate_data_topic_exchange' com chave 'dados.climaticos.norte'
2025-07-14 10:25:53.378 [pool-1-thread-1] INFO  com.climate.datas.gateway.Gateway - Gateway publicou para Tópico MQTT 'ufersa/pw/gateway/processed_data/norte': [norte//36.82//84.33//993.18//1091.65//2025-07-14T10:25:53]
2025-07-14 10:25:54.642 [pool-1-thread-1] INFO  com.climate.datas.drone.Drone - Drone LESTE gerou: {1001.18,831.55,25.20,69.73}
2025-07-14 10:25:54.741 [pool-1-thread-1] INFO  com.climate.datas.gateway.Gateway - Gateway armazenou dados de leste: [leste//25.20//69.73//1001.18//831.55//2025-07-14T10:25:54]
2025-07-14 10:25:54.741 [pool-1-thread-1] INFO  com.climate.datas.gateway.Gateway - Gateway publicou para Exchange RabbitMQ 'climate_data_topic_exchange' com chave 'dados.climaticos.leste'
2025-07-14 10:25:55.010 [pool-1-thread-1] INFO  com.climate.datas.gateway.Gateway - Gateway publicou para Tópico MQTT 'ufersa/pw/gateway/processed_data/leste': [leste//25.20//69.73//1001.18//831.55//2025-07-14T10:25:54]
2025-07-14 10:25:55.560 [pool-1-thread-1] INFO  com.climate.datas.drone.Drone - Drone SUL gerou: (1045.82;405.03;14.20;75.65)
2025-07-14 10:25:55.653 [pool-1-thread-1] INFO  com.climate.datas.gateway.Gateway - Gateway armazenou dados de sul: [sul//14.20//75.65//1045.82//405.03//2025-07-14T10:25:55]
2025-07-14 10:25:55.653 [pool-1-thread-1] INFO  com.climate.datas.gateway.Gateway - Gateway publicou para Exchange RabbitMQ 'climate_data_topic_exchange' com chave 'dados.climaticos.sul'
2025-07-14 10:25:55.742 [pool-1-thread-1] INFO  com.climate.datas.drone.Drone - Drone OESTE gerou: 1016.24#883.05#26.41#62.87
2025-07-14 10:25:55.835 [pool-1-thread-2] INFO  com.climate.datas.gateway.Gateway - Gateway armazenou dados de oeste: [oeste//26.41//62.87//1016.24//883.05//2025-07-14T10:25:55]
2025-07-14 10:25:55.836 [pool-1-thread-2] INFO  com.climate.datas.gateway.Gateway - Gateway publicou para Exchange RabbitMQ 'climate_data_topic_exchange' com chave 'dados.climaticos.oeste'
2025-07-14 10:25:55.905 [pool-1-thread-1] INFO  com.climate.datas.gateway.Gateway - Gateway publicou para Tópico MQTT 'ufersa/pw/gateway/processed_data/sul': [sul//14.20//75.65//1045.82//405.03//2025-07-14T10:25:55]
2025-07-14 10:25:55.995 [pool-1-thread-1] INFO  com.climate.datas.drone.Drone - Drone NORTE gerou: 965.09-1073.55-36.44-78.29
2025-07-14 10:25:56.007 [pool-1-thread-2] INFO  com.climate.datas.gateway.Gateway - Gateway publicou para Tópico MQTT 'ufersa/pw/gateway/processed_data/oeste': [oeste//26.41//62.87//1016.24//883.05//2025-07-14T10:25:55]
2025-07-14 10:25:56.091 [pool-1-thread-2] INFO  com.climate.datas.gateway.Gateway - Gateway armazenou dados de norte: [norte//36.44//78.29//965.09//1073.55//2025-07-14T10:25:56]
2025-07-14 10:25:56.092 [pool-1-thread-2] INFO  com.climate.datas.gateway.Gateway - Gateway publicou para Exchange RabbitMQ 'climate_data_topic_exchange' com chave 'dados.climaticos.norte'
2025-07-14 10:25:56.340 [pool-1-thread-2] INFO  com.climate.datas.gateway.Gateway - Gateway publicou para Tópico MQTT 'ufersa/pw/gateway/processed_data/norte': [norte//36.44//78.29//965.09//1073.55//2025-07-14T10:25:56]
2025-07-14 10:25:58.397 [pool-1-thread-1] INFO  com.climate.datas.drone.Drone - Drone NORTE gerou: 993.23-857.59-31.71-71.17
2025-07-14 10:25:58.490 [pool-1-thread-2] INFO  com.climate.datas.gateway.Gateway - Gateway armazenou dados de norte: [norte//31.71//71.17//993.23//857.59//2025-07-14T10:25:58]
2025-07-14 10:25:58.490 [pool-1-thread-2] INFO  com.climate.datas.gateway.Gateway - Gateway publicou para Exchange RabbitMQ 'climate_data_topic_exchange' com chave 'dados.climaticos.norte'
2025-07-14 10:25:58.740 [pool-1-thread-2] INFO  com.climate.datas.gateway.Gateway - Gateway publicou para Tópico MQTT 'ufersa/pw/gateway/processed_data/norte': [norte//31.71//71.17//993.23//857.59//2025-07-14T10:25:58]
2025-07-14 10:25:59.385 [pool-1-thread-1] INFO  com.climate.datas.drone.Drone - Drone LESTE gerou: {986.87,999.13,29.80,57.78}
2025-07-14 10:25:59.451 [pool-1-thread-1] INFO  com.climate.datas.drone.Drone - Drone OESTE gerou: 983.58#549.47#29.71#71.97
2025-07-14 10:25:59.490 [pool-1-thread-2] INFO  com.climate.datas.gateway.Gateway - Gateway armazenou dados de leste: [leste//29.80//57.78//986.87//999.13//2025-07-14T10:25:59]
2025-07-14 10:25:59.490 [pool-1-thread-2] INFO  com.climate.datas.gateway.Gateway - Gateway publicou para Exchange RabbitMQ 'climate_data_topic_exchange' com chave 'dados.climaticos.leste'
2025-07-14 10:25:59.547 [pool-1-thread-1] INFO  com.climate.datas.gateway.Gateway - Gateway armazenou dados de oeste: [oeste//29.71//71.97//983.58//549.47//2025-07-14T10:25:59]
2025-07-14 10:25:59.548 [pool-1-thread-1] INFO  com.climate.datas.gateway.Gateway - Gateway publicou para Exchange RabbitMQ 'climate_data_topic_exchange' com chave 'dados.climaticos.oeste'
2025-07-14 10:25:59.650 [pool-1-thread-2] INFO  com.climate.datas.gateway.Gateway - Gateway publicou para Tópico MQTT 'ufersa/pw/gateway/processed_data/leste': [leste//29.80//57.78//986.87//999.13//2025-07-14T10:25:59]
2025-07-14 10:25:59.743 [pool-1-thread-1] INFO  com.climate.datas.gateway.Gateway - Gateway publicou para Tópico MQTT 'ufersa/pw/gateway/processed_data/oeste': [oeste//29.71//71.97//983.58//549.47//2025-07-14T10:25:59]
2025-07-14 10:26:00.081 [pool-1-thread-1] INFO  com.climate.datas.drone.Drone - Drone SUL gerou: (1044.45;756.77;19.14;79.40)
2025-07-14 10:26:00.177 [pool-1-thread-1] INFO  com.climate.datas.gateway.Gateway - Gateway armazenou dados de sul: [sul//19.14//79.40//1044.45//756.77//2025-07-14T10:26:00]
2025-07-14 10:26:00.178 [pool-1-thread-1] INFO  com.climate.datas.gateway.Gateway - Gateway publicou para Exchange RabbitMQ 'climate_data_topic_exchange' com chave 'dados.climaticos.sul'
2025-07-14 10:26:00.435 [pool-1-thread-1] INFO  com.climate.datas.gateway.Gateway - Gateway publicou para Tópico MQTT 'ufersa/pw/gateway/processed_data/sul': [sul//19.14//79.40//1044.45//756.77//2025-07-14T10:26:00]
